TN:
SF:..\answerbetter-core.js
FN:10,inputText
FN:28,normalizePunctuation
FN:40,capitalizeAfterSentenceEnd
FN:46,lowercaseAfterComma
FN:52,formatPunctuation
FN:59,removeExistingGreeting
FN:65,generateMessage
FNF:7
FNH:7
FNDA:11,inputText
FNDA:6,normalizePunctuation
FNDA:6,capitalizeAfterSentenceEnd
FNDA:6,lowercaseAfterComma
FNDA:6,formatPunctuation
FNDA:4,removeExistingGreeting
FNDA:6,generateMessage
DA:1,1
DA:2,1
DA:3,1
DA:4,1
DA:5,1
DA:6,1
DA:7,1
DA:8,1
DA:9,1
DA:10,11
DA:11,11
DA:12,1
DA:13,1
DA:14,10
DA:15,10
DA:16,10
DA:17,11
DA:18,3
DA:19,3
DA:20,7
DA:21,11
DA:22,1
DA:23,1
DA:24,6
DA:25,6
DA:26,6
DA:27,1
DA:28,6
DA:29,6
DA:30,6
DA:31,6
DA:32,6
DA:33,6
DA:34,6
DA:35,6
DA:36,6
DA:37,6
DA:38,6
DA:39,1
DA:40,6
DA:41,6
DA:42,8
DA:43,6
DA:44,6
DA:45,1
DA:46,6
DA:47,6
DA:48,4
DA:49,6
DA:50,6
DA:51,1
DA:52,6
DA:53,6
DA:54,6
DA:55,6
DA:56,6
DA:57,6
DA:58,1
DA:59,4
DA:60,4
DA:61,4
DA:62,4
DA:63,4
DA:64,1
DA:65,6
DA:66,6
DA:67,6
DA:68,6
DA:69,0
DA:70,0
DA:71,4
DA:72,4
DA:73,4
DA:74,4
DA:75,4
DA:76,4
DA:77,1
DA:78,1
DA:79,1
DA:80,1
DA:81,1
DA:82,1
DA:83,1
DA:84,1
DA:85,1
LF:85
LH:83
BRDA:10,0,0,11
BRDA:11,1,0,1
BRDA:13,2,0,10
BRDA:17,3,0,3
BRDA:19,4,0,7
BRDA:21,5,0,1
BRDA:23,6,0,6
BRDA:28,7,0,6
BRDA:40,8,0,6
BRDA:41,9,0,8
BRDA:46,10,0,6
BRDA:47,11,0,4
BRDA:52,12,0,6
BRDA:59,13,0,4
BRDA:65,14,0,6
BRDA:68,15,0,0
BRDA:70,16,0,4
BRF:17
BRH:16
end_of_record
TN:
SF:..\main.js
FN:10,saveToHistory
FN:15,renderHistory
FN:27,copyResult
FNF:3
FNH:3
FNDA:3,saveToHistory
FNDA:3,renderHistory
FNDA:2,copyResult
DA:1,1
DA:2,1
DA:3,1
DA:4,1
DA:5,1
DA:6,1
DA:7,1
DA:8,1
DA:9,1
DA:10,3
DA:11,3
DA:12,3
DA:13,3
DA:14,1
DA:15,3
DA:16,3
DA:17,3
DA:18,3
DA:19,3
DA:20,3
DA:21,4
DA:22,4
DA:23,4
DA:24,3
DA:25,3
DA:26,1
DA:27,2
DA:28,2
DA:29,1
DA:30,1
DA:31,1
DA:32,2
DA:33,2
DA:34,1
DA:35,1
DA:36,1
DA:37,1
DA:38,1
DA:39,1
DA:40,1
DA:41,1
DA:42,1
DA:43,1
DA:44,1
DA:45,1
DA:46,1
DA:47,1
DA:48,1
DA:49,0
DA:50,0
DA:51,0
DA:52,0
DA:53,0
DA:54,0
DA:55,1
DA:56,1
DA:57,1
DA:58,1
DA:59,1
DA:60,1
DA:61,1
DA:62,1
DA:63,1
LF:63
LH:57
BRDA:10,0,0,3
BRDA:15,1,0,3
BRDA:16,2,0,0
BRDA:20,3,0,4
BRDA:27,4,0,2
BRDA:28,5,0,1
BRDA:28,6,0,1
BRDA:32,7,0,0
BRDA:35,8,0,1
BRF:9
BRH:7
end_of_record
