{"C:\\Users\\User\\OneDrive\\Рабочий стол\\OPI\\annaku.github.io\\main.js": {"path":"C:\\Users\\User\\OneDrive\\Рабочий стол\\OPI\\annaku.github.io\\main.js","statementMap":{"0":{"start":{"line":1,"column":21},"end":{"line":1,"column":55}},"1":{"start":{"line":2,"column":19},"end":{"line":2,"column":50}},"2":{"start":{"line":3,"column":20},"end":{"line":3,"column":58}},"3":{"start":{"line":4,"column":16},"end":{"line":4,"column":50}},"4":{"start":{"line":5,"column":20},"end":{"line":5,"column":53}},"5":{"start":{"line":6,"column":20},"end":{"line":6,"column":54}},"6":{"start":{"line":8,"column":16},"end":{"line":8,"column":18}},"7":{"start":{"line":11,"column":2},"end":{"line":13,"column":3}},"8":{"start":{"line":12,"column":4},"end":{"line":12,"column":49}},"9":{"start":{"line":15,"column":18},"end":{"line":15,"column":29}},"10":{"start":{"line":17,"column":2},"end":{"line":19,"column":3}},"11":{"start":{"line":18,"column":4},"end":{"line":18,"column":44}},"12":{"start":{"line":21,"column":2},"end":{"line":23,"column":3}},"13":{"start":{"line":22,"column":4},"end":{"line":22,"column":40}},"14":{"start":{"line":25,"column":2},"end":{"line":25,"column":17}},"15":{"start":{"line":29,"column":15},"end":{"line":37,"column":18}},"16":{"start":{"line":39,"column":2},"end":{"line":41,"column":5}},"17":{"start":{"line":40,"column":4},"end":{"line":40,"column":40}},"18":{"start":{"line":43,"column":2},"end":{"line":45,"column":5}},"19":{"start":{"line":44,"column":4},"end":{"line":44,"column":39}},"20":{"start":{"line":47,"column":2},"end":{"line":47,"column":16}},"21":{"start":{"line":51,"column":20},"end":{"line":51,"column":35}},"22":{"start":{"line":52,"column":15},"end":{"line":52,"column":17}},"23":{"start":{"line":54,"column":2},"end":{"line":60,"column":3}},"24":{"start":{"line":55,"column":4},"end":{"line":55,"column":41}},"25":{"start":{"line":56,"column":9},"end":{"line":60,"column":3}},"26":{"start":{"line":57,"column":4},"end":{"line":57,"column":36}},"27":{"start":{"line":59,"column":4},"end":{"line":59,"column":35}},"28":{"start":{"line":62,"column":2},"end":{"line":62,"column":35}},"29":{"start":{"line":66,"column":2},"end":{"line":66,"column":23}},"30":{"start":{"line":67,"column":2},"end":{"line":67,"column":18}},"31":{"start":{"line":71,"column":2},"end":{"line":71,"column":29}},"32":{"start":{"line":73,"column":2},"end":{"line":77,"column":5}},"33":{"start":{"line":74,"column":15},"end":{"line":74,"column":43}},"34":{"start":{"line":75,"column":4},"end":{"line":75,"column":26}},"35":{"start":{"line":76,"column":4},"end":{"line":76,"column":32}},"36":{"start":{"line":81,"column":2},"end":{"line":83,"column":3}},"37":{"start":{"line":82,"column":4},"end":{"line":82,"column":51}},"38":{"start":{"line":85,"column":2},"end":{"line":85,"column":38}},"39":{"start":{"line":88,"column":0},"end":{"line":99,"column":3}},"40":{"start":{"line":89,"column":2},"end":{"line":98,"column":3}},"41":{"start":{"line":90,"column":17},"end":{"line":90,"column":35}},"42":{"start":{"line":91,"column":17},"end":{"line":91,"column":33}},"43":{"start":{"line":93,"column":19},"end":{"line":93,"column":46}},"44":{"start":{"line":94,"column":4},"end":{"line":94,"column":37}},"45":{"start":{"line":95,"column":4},"end":{"line":95,"column":26}},"46":{"start":{"line":97,"column":4},"end":{"line":97,"column":44}},"47":{"start":{"line":101,"column":0},"end":{"line":108,"column":3}},"48":{"start":{"line":102,"column":2},"end":{"line":107,"column":3}},"49":{"start":{"line":103,"column":4},"end":{"line":103,"column":40}},"50":{"start":{"line":104,"column":4},"end":{"line":104,"column":35}},"51":{"start":{"line":106,"column":4},"end":{"line":106,"column":44}},"52":{"start":{"line":110,"column":0},"end":{"line":117,"column":2}}},"fnMap":{"0":{"name":"inputText","decl":{"start":{"line":10,"column":9},"end":{"line":10,"column":18}},"loc":{"start":{"line":10,"column":25},"end":{"line":26,"column":1}},"line":10},"1":{"name":"formatPunctuation","decl":{"start":{"line":28,"column":9},"end":{"line":28,"column":26}},"loc":{"start":{"line":28,"column":33},"end":{"line":48,"column":1}},"line":28},"2":{"name":"(anonymous_2)","decl":{"start":{"line":39,"column":60},"end":{"line":39,"column":61}},"loc":{"start":{"line":39,"column":86},"end":{"line":41,"column":3}},"line":39},"3":{"name":"(anonymous_3)","decl":{"start":{"line":43,"column":52},"end":{"line":43,"column":53}},"loc":{"start":{"line":43,"column":71},"end":{"line":45,"column":3}},"line":43},"4":{"name":"generateMessage","decl":{"start":{"line":50,"column":9},"end":{"line":50,"column":24}},"loc":{"start":{"line":50,"column":37},"end":{"line":63,"column":1}},"line":50},"5":{"name":"saveToHistory","decl":{"start":{"line":65,"column":9},"end":{"line":65,"column":22}},"loc":{"start":{"line":65,"column":31},"end":{"line":68,"column":1}},"line":65},"6":{"name":"renderHistory","decl":{"start":{"line":70,"column":9},"end":{"line":70,"column":22}},"loc":{"start":{"line":70,"column":25},"end":{"line":78,"column":1}},"line":70},"7":{"name":"(anonymous_7)","decl":{"start":{"line":73,"column":18},"end":{"line":73,"column":19}},"loc":{"start":{"line":73,"column":28},"end":{"line":77,"column":3}},"line":73},"8":{"name":"copyResult","decl":{"start":{"line":80,"column":9},"end":{"line":80,"column":19}},"loc":{"start":{"line":80,"column":26},"end":{"line":86,"column":1}},"line":80},"9":{"name":"(anonymous_9)","decl":{"start":{"line":88,"column":38},"end":{"line":88,"column":39}},"loc":{"start":{"line":88,"column":44},"end":{"line":99,"column":1}},"line":88},"10":{"name":"(anonymous_10)","decl":{"start":{"line":101,"column":34},"end":{"line":101,"column":35}},"loc":{"start":{"line":101,"column":40},"end":{"line":108,"column":1}},"line":101}},"branchMap":{"0":{"loc":{"start":{"line":11,"column":2},"end":{"line":13,"column":3}},"type":"if","locations":[{"start":{"line":11,"column":2},"end":{"line":13,"column":3}},{"start":{},"end":{}}],"line":11},"1":{"loc":{"start":{"line":17,"column":2},"end":{"line":19,"column":3}},"type":"if","locations":[{"start":{"line":17,"column":2},"end":{"line":19,"column":3}},{"start":{},"end":{}}],"line":17},"2":{"loc":{"start":{"line":21,"column":2},"end":{"line":23,"column":3}},"type":"if","locations":[{"start":{"line":21,"column":2},"end":{"line":23,"column":3}},{"start":{},"end":{}}],"line":21},"3":{"loc":{"start":{"line":54,"column":2},"end":{"line":60,"column":3}},"type":"if","locations":[{"start":{"line":54,"column":2},"end":{"line":60,"column":3}},{"start":{"line":56,"column":9},"end":{"line":60,"column":3}}],"line":54},"4":{"loc":{"start":{"line":56,"column":9},"end":{"line":60,"column":3}},"type":"if","locations":[{"start":{"line":56,"column":9},"end":{"line":60,"column":3}},{"start":{"line":58,"column":9},"end":{"line":60,"column":3}}],"line":56},"5":{"loc":{"start":{"line":81,"column":2},"end":{"line":83,"column":3}},"type":"if","locations":[{"start":{"line":81,"column":2},"end":{"line":83,"column":3}},{"start":{},"end":{}}],"line":81},"6":{"loc":{"start":{"line":81,"column":6},"end":{"line":81,"column":39}},"type":"binary-expr","locations":[{"start":{"line":81,"column":6},"end":{"line":81,"column":11}},{"start":{"line":81,"column":15},"end":{"line":81,"column":39}}],"line":81}},"s":{"0":3,"1":3,"2":3,"3":3,"4":3,"5":3,"6":3,"7":10,"8":1,"9":9,"10":9,"11":2,"12":7,"13":1,"14":6,"15":6,"16":6,"17":8,"18":6,"19":4,"20":6,"21":5,"22":4,"23":4,"24":2,"25":2,"26":1,"27":1,"28":4,"29":2,"30":2,"31":2,"32":2,"33":2,"34":2,"35":2,"36":2,"37":1,"38":1,"39":3,"40":2,"41":2,"42":2,"43":2,"44":1,"45":1,"46":1,"47":3,"48":0,"49":0,"50":0,"51":0,"52":3},"f":{"0":10,"1":6,"2":8,"3":4,"4":5,"5":2,"6":2,"7":2,"8":2,"9":2,"10":0},"b":{"0":[1,9],"1":[2,7],"2":[1,6],"3":[2,2],"4":[1,1],"5":[1,1],"6":[2,1]},"_coverageSchema":"1a1c01bbd47fc00a2c39e90264f33305004495a9","hash":"b52d3521fd82698dba4af477bc188394d31aa041"}
}
