TN:
SF:main.js
FN:10,inputText
FN:28,formatPunctuation
FN:39,(anonymous_2)
FN:43,(anonymous_3)
FN:50,generateMessage
FN:65,saveToHistory
FN:70,renderHistory
FN:73,(anonymous_7)
FN:80,copyResult
FN:88,(anonymous_9)
FN:101,(anonymous_10)
FNF:11
FNH:10
FNDA:10,inputText
FNDA:6,formatPunctuation
FNDA:8,(anonymous_2)
FNDA:4,(anonymous_3)
FNDA:5,generateMessage
FNDA:2,saveToHistory
FNDA:2,renderHistory
FNDA:2,(anonymous_7)
FNDA:2,copyResult
FNDA:2,(anonymous_9)
FNDA:0,(anonymous_10)
DA:1,3
DA:2,3
DA:3,3
DA:4,3
DA:5,3
DA:6,3
DA:8,3
DA:11,10
DA:12,1
DA:15,9
DA:17,9
DA:18,2
DA:21,7
DA:22,1
DA:25,6
DA:29,6
DA:39,6
DA:40,8
DA:43,6
DA:44,4
DA:47,6
DA:51,5
DA:52,4
DA:54,4
DA:55,2
DA:56,2
DA:57,1
DA:59,1
DA:62,4
DA:66,2
DA:67,2
DA:71,2
DA:73,2
DA:74,2
DA:75,2
DA:76,2
DA:81,2
DA:82,1
DA:85,1
DA:88,3
DA:89,2
DA:90,2
DA:91,2
DA:93,2
DA:94,1
DA:95,1
DA:97,1
DA:101,3
DA:102,0
DA:103,0
DA:104,0
DA:106,0
DA:110,3
LF:53
LH:49
BRDA:11,0,0,1
BRDA:11,0,1,9
BRDA:17,1,0,2
BRDA:17,1,1,7
BRDA:21,2,0,1
BRDA:21,2,1,6
BRDA:54,3,0,2
BRDA:54,3,1,2
BRDA:56,4,0,1
BRDA:56,4,1,1
BRDA:81,5,0,1
BRDA:81,5,1,1
BRDA:81,6,0,2
BRDA:81,6,1,1
BRF:14
BRH:14
end_of_record
